<?xml version="1.0" encoding="UTF-8"?>
<testsuite xmlns:xsi="http://www.w3.org/2001/XMLSchema-instance" xsi:noNamespaceSchemaLocation="https://maven.apache.org/surefire/maven-surefire-plugin/xsd/surefire-test-report.xsd" version="3.0.2" name="ar.edu.utn.dds.k3003.catedra.donaciones.DonacionesTest" time="0.288" tests="10" errors="0" skipped="10" failures="0">
  <properties/>
  <testcase name="testRegistrarQueja" classname="ar.edu.utn.dds.k3003.catedra.donaciones.DonacionesTest" time="0.0">
    <skipped message="@EnabledIf(&quot;ar.edu.utn.dds.k3003.catedra.donaciones.DonacionesTest#condicion&quot;) evaluated to false"/>
  </testcase>
  <testcase name="testCambiarEstadoDeDonacion" classname="ar.edu.utn.dds.k3003.catedra.donaciones.DonacionesTest" time="0.0">
    <skipped message="@EnabledIf(&quot;ar.edu.utn.dds.k3003.catedra.donaciones.DonacionesTest#condicion&quot;) evaluated to false"/>
  </testcase>
  <testcase name="testRegistrarDonacionFallido" classname="ar.edu.utn.dds.k3003.catedra.donaciones.DonacionesTest" time="0.0">
    <skipped message="@EnabledIf(&quot;ar.edu.utn.dds.k3003.catedra.donaciones.DonacionesTest#condicion&quot;) evaluated to false"/>
  </testcase>
  <testcase name="testRegistrarDonacion" classname="ar.edu.utn.dds.k3003.catedra.donaciones.DonacionesTest" time="0.0">
    <skipped message="@EnabledIf(&quot;ar.edu.utn.dds.k3003.catedra.donaciones.DonacionesTest#condicion&quot;) evaluated to false"/>
  </testcase>
  <testcase name="testBuscarDonacionPorIDFallido" classname="ar.edu.utn.dds.k3003.catedra.donaciones.DonacionesTest" time="0.0">
    <skipped message="@EnabledIf(&quot;ar.edu.utn.dds.k3003.catedra.donaciones.DonacionesTest#condicion&quot;) evaluated to false"/>
  </testcase>
  <testcase name="testRegistrarDonacionNoPuedeDonar" classname="ar.edu.utn.dds.k3003.catedra.donaciones.DonacionesTest" time="0.0">
    <skipped message="@EnabledIf(&quot;ar.edu.utn.dds.k3003.catedra.donaciones.DonacionesTest#condicion&quot;) evaluated to false"/>
  </testcase>
  <testcase name="testCambiarEstadoDeDonacionFallido" classname="ar.edu.utn.dds.k3003.catedra.donaciones.DonacionesTest" time="0.0">
    <skipped message="@EnabledIf(&quot;ar.edu.utn.dds.k3003.catedra.donaciones.DonacionesTest#condicion&quot;) evaluated to false"/>
  </testcase>
  <testcase name="testBuscarPorDonadorYFechaInicioFallido" classname="ar.edu.utn.dds.k3003.catedra.donaciones.DonacionesTest" time="0.0">
    <skipped message="@EnabledIf(&quot;ar.edu.utn.dds.k3003.catedra.donaciones.DonacionesTest#condicion&quot;) evaluated to false"/>
  </testcase>
  <testcase name="testRegistrarQuejaFallido" classname="ar.edu.utn.dds.k3003.catedra.donaciones.DonacionesTest" time="0.0">
    <skipped message="@EnabledIf(&quot;ar.edu.utn.dds.k3003.catedra.donaciones.DonacionesTest#condicion&quot;) evaluated to false"/>
  </testcase>
  <testcase name="testBuscarPorDonadorYFechaInicio" classname="ar.edu.utn.dds.k3003.catedra.donaciones.DonacionesTest" time="0.0">
    <skipped message="@EnabledIf(&quot;ar.edu.utn.dds.k3003.catedra.donaciones.DonacionesTest#condicion&quot;) evaluated to false"/>
  </testcase>
</testsuite>